<?xml version="1.0" encoding="UTF-8"?>
<!-- Generated by org.testng.reporters.JUnitXMLReporter -->
<testsuite ignored="2" hostname="LAPTOP-E2PSIL5I" failures="1" tests="2" name="SearchProductsTest" time="378.905" errors="0" timestamp="2023-02-17T22:50:09 IST">
  <testcase classname="amazon.SearchProducts.TestScripts.AvailableSearchCategoriesTest" name="availableCategoriesTest" time="67.403">
    <failure type="java.lang.AssertionError" message="[Assertion Failed]: Search categories are not correct: lists don&amp;apos;t have the same size expected [28] but found [44]">
      <![CDATA[java.lang.AssertionError: [Assertion Failed]: Search categories are not correct: lists don't have the same size expected [28] but found [44]
at amazon.SearchProducts.TestScripts.AvailableSearchCategoriesTest.availableCategoriesTest(AvailableSearchCategoriesTest.java:25)
at java.base/java.util.ArrayList.forEach(ArrayList.java:1511)
at java.base/java.util.concurrent.FutureTask.run(FutureTask.java:264)
at java.base/java.util.concurrent.ThreadPoolExecutor.runWorker(ThreadPoolExecutor.java:1136)
at java.base/java.util.concurrent.ThreadPoolExecutor$Worker.run(ThreadPoolExecutor.java:635)
at java.base/java.lang.Thread.run(Thread.java:833)
... Removed 23 stack frames]]>
    </failure>
  </testcase> <!-- availableCategoriesTest -->
  <testcase classname="amazon.SearchProducts.TestScripts.SearchProductTest" name="searchProductTest" time="54.312"/>
  <testcase classname="GenericUtilities.BaseClass" name="@BeforeSuite bsConfig" time="0.0">
    <ignored/>
  </testcase> <!-- @BeforeSuite bsConfig -->
  <testcase classname="GenericUtilities.BaseClass" name="@AfterSuite asConfig" time="0.0">
    <ignored/>
  </testcase> <!-- @AfterSuite asConfig -->
</testsuite> <!-- SearchProductsTest -->
