<?xml version="1.0" encoding="UTF-8"?>
<!-- Generated by org.testng.reporters.JUnitXMLReporter -->
<testsuite ignored="0" hostname="LAPTOP-E2PSIL5I" failures="1" tests="1" name="Test" time="63.643" errors="0" timestamp="2023-02-17T22:39:32 IST">
  <testcase classname="amazon.UserAccountAndLists.TestScripts.LoginToApplicationTest" name="loginIntoAppTest" time="19.857">
    <failure type="java.lang.AssertionError" message="[ASSERTION FAILED]: Sign in unsuccessful expected [true] but found [false]">
      <![CDATA[java.lang.AssertionError: [ASSERTION FAILED]: Sign in unsuccessful expected [true] but found [false]
at amazon.UserAccountAndLists.TestScripts.LoginToApplicationTest.loginIntoAppTest(LoginToApplicationTest.java:21)
at java.base/java.util.ArrayList.forEach(ArrayList.java:1511)
... Removed 30 stack frames]]>
    </failure>
  </testcase> <!-- loginIntoAppTest -->
</testsuite> <!-- Test -->
